============================= test session starts =============================
platform win32 -- Python 3.12.2, pytest-9.0.3, pluggy-1.6.0 -- D:\Personal_Workspace\CI_CD_QA\temp_qa\venv\Scripts\python.exe
cachedir: .pytest_cache
metadata: {'Python': '3.12.2', 'Platform': 'Windows-11-10.0.26200-SP0', 'Packages': {'pytest': '9.0.3', 'pluggy': '1.6.0'}, 'Plugins': {'html': '4.2.0', 'metadata': '3.1.1'}, 'CI': 'true', 'JAVA_HOME': 'C:\\Program Files\\Java\\jdk-22'}
rootdir: D:\Personal_Workspace\CI_CD_QA\temp_qa
plugins: html-4.2.0, metadata-3.1.1
collecting ... collected 3 items

tests/test_open_website.py::test_open_website PASSED                     [ 33%]
tests/test_open_website.py::test_page_title_contains_dhaka PASSED        [ 66%]
tests/test_open_website.py::test_current_temperature_visible FAILED      [100%]

================================== FAILURES ===================================
______________________ test_current_temperature_visible _______________________

driver = <selenium.webdriver.chrome.webdriver.WebDriver (session="2f62b0f45f0c0c88698040a3abe6492b")>

    def test_current_temperature_visible(driver):
        url = "https://www.accuweather.com/en/bd/dhaka/28143/weather-forecast/28143"
        driver.get(url)
    
>       temp = driver.find_element("css selector", "div.display-temp")
               ^^^^^^^^^^^^^^^^^^^^^^^^^^^^^^^^^^^^^^^^^^^^^^^^^^^^^^^

tests\test_open_website.py:16: 
_ _ _ _ _ _ _ _ _ _ _ _ _ _ _ _ _ _ _ _ _ _ _ _ _ _ _ _ _ _ _ _ _ _ _ _ _ _ _ _
venv\Lib\site-packages\selenium\webdriver\remote\webdriver.py:868: in find_element
    return self.execute(Command.FIND_ELEMENT, {"using": by, "value": value})["value"]
           ^^^^^^^^^^^^^^^^^^^^^^^^^^^^^^^^^^^^^^^^^^^^^^^^^^^^^^^^^^^^^^^^^
venv\Lib\site-packages\selenium\webdriver\remote\webdriver.py:468: in execute
    self.error_handler.check_response(response)
_ _ _ _ _ _ _ _ _ _ _ _ _ _ _ _ _ _ _ _ _ _ _ _ _ _ _ _ _ _ _ _ _ _ _ _ _ _ _ _

self = <selenium.webdriver.remote.errorhandler.ErrorHandler object at 0x0000025E470921B0>
response = {'status': 404, 'value': '{"value":{"error":"no such element","message":"no such element: Unable to locate element: {\...7+1dd7]\\n\\tKERNEL32!BaseThreadInitThunk [0x7ffeea36e957+17]\\n\\tntdll!RtlUserThreadStart [0x7ffeeaba7c1c+2c]\\n"}}'}

    def check_response(self, response: dict[str, Any]) -> None:
        """Check that a JSON response from the WebDriver does not have an error.
    
        Args:
            response: The JSON response from the WebDriver server as a dictionary
                object.
    
        Raises:
            WebDriverException: If the response contains an error message.
        """
        status = response.get("status", None)
        if not status or status == ErrorCode.SUCCESS:
            return
        value = None
        message = response.get("message", "")
        screen: str = response.get("screen", "")
        stacktrace = None
        if isinstance(status, int):
            value_json = response.get("value", None)
            if value_json and isinstance(value_json, str):
                try:
                    value = json.loads(value_json)
                    if isinstance(value, dict):
                        if len(value) == 1:
                            value = value["value"]
                        status = value.get("error", None)
                        if not status:
                            status = value.get("status", ErrorCode.UNKNOWN_ERROR)
                            message = value.get("value") or value.get("message")
                            if not isinstance(message, str):
                                value = message
                                message = message.get("message") if isinstance(message, dict) else None
                        else:
                            message = value.get("message", None)
                except ValueError:
                    pass
    
        exception_class: type[WebDriverException]
        e = ErrorCode()
        error_codes = [item for item in dir(e) if not item.startswith("__")]
        for error_code in error_codes:
            error_info = getattr(ErrorCode, error_code)
            if isinstance(error_info, list) and status in error_info:
                exception_class = getattr(ExceptionMapping, error_code, WebDriverException)
                break
        else:
            exception_class = WebDriverException
    
        if not value:
            value = response["value"]
        if isinstance(value, str):
            raise exception_class(value)
        if message == "" and "message" in value:
            message = value["message"]
    
        screen = None  # type: ignore[assignment]
        if "screen" in value:
            screen = value["screen"]
    
        stacktrace = None
        st_value = value.get("stackTrace") or value.get("stacktrace")
        if st_value:
            if isinstance(st_value, str):
                stacktrace = st_value.split("\n")
            else:
                stacktrace = []
                try:
                    for frame in st_value:
                        line = frame.get("lineNumber", "")
                        file = frame.get("fileName", "<anonymous>")
                        if line:
                            file = f"{file}:{line}"
                        meth = frame.get("methodName", "<anonymous>")
                        if "className" in frame:
                            meth = f"{frame['className']}.{meth}"
                        msg = "    at %s (%s)"
                        msg = msg % (meth, file)
                        stacktrace.append(msg)
                except TypeError:
                    pass
        if exception_class == UnexpectedAlertPresentException:
            alert_text = None
            if "data" in value:
                alert_text = value["data"].get("text")
            elif "alert" in value:
                alert_text = value["alert"].get("text")
            raise exception_class(message, screen, stacktrace, alert_text)
>       raise exception_class(message, screen, stacktrace)
E       selenium.common.exceptions.NoSuchElementException: Message: no such element: Unable to locate element: {"method":"css selector","selector":"div.display-temp"}
E         (Session info: chrome=149.0.7827.54); For documentation on this error, please visit: https://www.selenium.dev/documentation/webdriver/troubleshooting/errors#nosuchelementexception
E       Stacktrace:
E       	chromedriver!GetHandleVerifier [0x7ff738a23435+14875]
E       	chromedriver!GetHandleVerifier [0x7ff738a23490+148d0]
E       	chromedriver!(No symbol) [0x7ff73857778d]
E       	chromedriver!(No symbol) [0x7ff7385d195d]
E       	chromedriver!(No symbol) [0x7ff7385d1c5c]
E       	chromedriver!(No symbol) [0x7ff738621e37]
E       	chromedriver!(No symbol) [0x7ff73861e9fc]
E       	chromedriver!(No symbol) [0x7ff7385c3eb0]
E       	chromedriver!(No symbol) [0x7ff7385c4e23]
E       	chromedriver!GetHandleVerifier [0x7ff739006c91+5f80d1]
E       	chromedriver!GetHandleVerifier [0x7ff73900101b+5f245b]
E       	chromedriver!GetHandleVerifier [0x7ff739026305+617745]
E       	chromedriver!GetHandleVerifier [0x7ff738a403ee+3182e]
E       	chromedriver!GetHandleVerifier [0x7ff738a48b0c+39f4c]
E       	chromedriver!GetHandleVerifier [0x7ff738a2cb04+1df44]
E       	chromedriver!GetHandleVerifier [0x7ff738a2cc94+1e0d4]
E       	chromedriver!GetHandleVerifier [0x7ff738a10997+1dd7]
E       	KERNEL32!BaseThreadInitThunk [0x7ffeea36e957+17]
E       	ntdll!RtlUserThreadStart [0x7ffeeaba7c1c+2c]

venv\Lib\site-packages\selenium\webdriver\remote\errorhandler.py:232: NoSuchElementException
- Generated html report: file:///D:/Personal_Workspace/CI_CD_QA/temp_qa/report.html -
=========================== short test summary info ===========================
FAILED tests/test_open_website.py::test_current_temperature_visible - selenium.common.exceptions.NoSuchElementException: Message: no such element: Unable to locate element: {"method":"css selector","selector":"div.display-temp"}
  (Session info: chrome=149.0.7827.54); For documentation on this error, please visit: https://www.selenium.dev/documentation/webdriver/troubleshooting/errors#nosuchelementexception
Stacktrace:
	chromedriver!GetHandleVerifier [0x7ff738a23435+14875]
	chromedriver!GetHandleVerifier [0x7ff738a23490+148d0]
	chromedriver!(No symbol) [0x7ff73857778d]
	chromedriver!(No symbol) [0x7ff7385d195d]
	chromedriver!(No symbol) [0x7ff7385d1c5c]
	chromedriver!(No symbol) [0x7ff738621e37]
	chromedriver!(No symbol) [0x7ff73861e9fc]
	chromedriver!(No symbol) [0x7ff7385c3eb0]
	chromedriver!(No symbol) [0x7ff7385c4e23]
	chromedriver!GetHandleVerifier [0x7ff739006c91+5f80d1]
	chromedriver!GetHandleVerifier [0x7ff73900101b+5f245b]
	chromedriver!GetHandleVerifier [0x7ff739026305+617745]
	chromedriver!GetHandleVerifier [0x7ff738a403ee+3182e]
	chromedriver!GetHandleVerifier [0x7ff738a48b0c+39f4c]
	chromedriver!GetHandleVerifier [0x7ff738a2cb04+1df44]
	chromedriver!GetHandleVerifier [0x7ff738a2cc94+1e0d4]
	chromedriver!GetHandleVerifier [0x7ff738a10997+1dd7]
	KERNEL32!BaseThreadInitThunk [0x7ffeea36e957+17]
	ntdll!RtlUserThreadStart [0x7ffeeaba7c1c+2c]
======================== 1 failed, 2 passed in 22.51s =========================
